[2020-06-18T06:57:41.859Z] info Server Running
[2020-06-21T06:03:57.347Z] error  The current date and time Sun Jun 21 2020 08:03:57 GMT+0200 is before the meetup occurs 
                    Wed Jul 15 2020 21:30:00 GMT+0200
[2020-06-21T06:08:43.460Z] error  The current date and time Sun Jun 21 2020 08:08:43 GMT+0200 is before the meetup occurs 
                    Wed Jul 15 2020 21:30:00 GMT+0200
[2020-06-21T06:12:55.576Z] error  The current date and time Sun Jun 21 2020 08:12:55 GMT+0200 is before the meetup occurs 
                    Sun Mar 15 2020 22:30:00 GMT+0100
[2020-06-21T10:08:36.603Z] error No existen eventos anteriores de este mismo meetup Esta es la primera
                vez que se realiza
[2020-06-21T10:09:54.749Z] error No existen eventos anteriores de este mismo meetup Esta es la primera
                vez que se realiza
[2020-06-21T10:12:36.803Z] error No existen eventos anteriores de este mismo meetup Esta es la primera
                vez que se realiza
[2020-06-21T10:27:41.620Z] error No existen eventos anteriores de este mismo meetup Esta es la primera
                vez que se realiza
[2020-06-21T10:31:39.655Z] error No existen eventos anteriores de este mismo meetup Esta es la primera
                vez que se realiza
[2020-06-21T10:36:42.589Z] error No existen eventos anteriores de este mismo meetup Esta es la primera
                vez que se realiza
[2020-06-21T11:02:10.898Z] error No existen eventos anteriores de este mismo meetup Esta es la primera
                vez que se realiza
[2020-06-21T11:02:10.899Z] error No existen eventos anteriores de este mismo meetup Esta es la primera
                vez que se realiza
[2020-06-21T11:02:10.900Z] error No existen eventos anteriores de este mismo meetup Esta es la primera
                vez que se realiza
[2020-06-21T11:02:10.900Z] error No existen eventos anteriores de este mismo meetup Esta es la primera
                vez que se realiza
[2020-06-21T11:09:48.148Z] error No existen eventos anteriores de este mismo meetup Esta es la primera
                vez que se realiza
[2020-06-21T11:09:48.149Z] error No existen eventos anteriores de este mismo meetup Esta es la primera
                vez que se realiza
[2020-06-21T11:38:59.084Z] error No existen eventos anteriores de este mismo meetup Esta es la primera
                vez que se realiza
[2020-06-21T11:38:59.085Z] error No existen eventos anteriores de este mismo meetup Esta es la primera
                vez que se realiza
[2020-06-22T17:33:28.633Z] error The search did not get any result
[2020-06-23T08:06:20.824Z] error This reserve does not exist undefined
